#
# A fatal error has been detected by the Java Runtime Environment:
#
#  SIGSEGV (0xb) at pc=100bf0ee7, pid=4965, tid=4738650112
#
# JRE version: 7.0-b223
# Java VM: OpenJDK 64-Bit Server VM (21.0-b17 mixed mode bsd-amd64 compressed oops)
# Problematic frame:
# V  [libjvm.dylib+0x36dee7]  Monitor::ILock(Thread*)+0x23
#
# Failed to write core dump. Core dumps have been disabled. To enable core dumping, try "ulimit -c unlimited" before starting Java again
#
# If you would like to submit a bug report, please visit:
#   http://bugreport.sun.com/bugreport/crash.jsp
#

---------------  T H R E A D  ---------------

Current thread is native thread

siginfo:si_signo=SIGSEGV: si_errno=0, si_code=1 (SEGV_MAPERR), si_addr=00000150

Registers:
RAX=0, RBX=0, RCX=4311071176, RDX=140492948478209
RSP=4738649536, RBP=4738649568, RSI=0, RDI=140492949957440
R8 =160, R9 =0, R10=140492978236416, R11=4306504856
R12=4302888352, R13=4302896272, R14=140492949957440, R15=265
RIP=4307488487, EFLAGS=66118, ERR=4
  TRAPNO=14

Top of Stack: (sp=11a720dc0)
11a720dc0:   0000000000000000 00007fc710602b40
11a720dd0:   0000000000000000 0000000000000109
11a720de0:   000000011a720e00 0000000100bf103d
11a720df0:   0000000000000005 000000011a721000
11a720e00:   000000011a720e10 0000000100cfbcc8
11a720e10:   000000011a720e30 0000000100b00cb7
11a720e20:   000000011a721000 0000000000000005
11a720e30:   000000011a720e60 000000011a54be0c
11a720e40:   0000000100653000 0000000000000004
11a720e50:   000000011a7218a8 00007fff7c17f6f8
11a720e60:   000000011a720ea0 00007fff924e08cb
11a720e70:   000000011a721060 0000000000000000
11a720e80:   0000000000000000 000000011a721000
11a720e90:   000000011a721000 0000000002000000
11a720ea0:   000000011a720f10 00007fff9249bf7c
11a720eb0:   000000010078fc90 000000011a54bcae
11a720ec0:   000000011a720ef0 00000001198f479a
11a720ed0:   0000206092498f80 000000010078fc90
11a720ee0:   00007fff9249959f 000000000601001f
11a720ef0:   000000000000890b 000000011a721000
11a720f00:   000000010078fc90 000000011a54bcae
11a720f10:   000000011a720f50 00007fff9249a8ca
11a720f20:   0000000000000000 0000000000000000
11a720f30:   0000000000000000 0000000000000000
11a720f40:   0000000000000000 0000000000000000
11a720f50:   000000011a720f78 00007fff9249db75
11a720f60:   0000000000000000 0000000000000000
11a720f70:   0000000000000000 0000000000000000
11a720f80:   0000000000000000 0000000000000000
11a720f90:   0000000000000000 0000000000000000
11a720fa0:   0000000000000000 0000000000000000
11a720fb0:   0000000000000000 0000000000000000 

Instructions: (pc=100bf0ee7)
100bf0ec7:   e5 41 57 41 56 53 48 83 ec 08 48 89 f3 49 89 fe
100bf0ed7:   4c 89 f7 e8 6f f8 ff ff 85 c0 0f 85 01 01 00 00
100bf0ee7:   4c 8b bb 50 01 00 00 4c 89 f7 48 89 de e8 27 fd
100bf0ef7:   ff ff 85 c0 0f 85 e7 00 00 00 41 c7 47 20 00 00 

Register to memory mapping:

RAX=0 is an unknown value
RBX=0 is an unknown value
RCX=100f5b9c8: _ZN2os16_processor_countE+0 in /Library/Java/JavaVirtualMachines/JDK 1.7.0 Developer Preview.jdk/Contents/Home/jre/lib/server/libjvm.dylib at 100883000
RDX=140492948478209 is an unknown value
RSP=4738649536 is pointing into the stack for thread: 140492954378240
RBP=4738649568 is pointing into the stack for thread: 140492954378240
RSI=0 is an unknown value
RDI=140492949957440 is an unknown value
R8 =160 is an unknown value
R9 =0 is an unknown value
R10=140492978236416 is an unknown value
R11=100b00c98: jni_DetachCurrentThread+0 in /Library/Java/JavaVirtualMachines/JDK 1.7.0 Developer Preview.jdk/Contents/Home/jre/lib/server/libjvm.dylib at 100883000
R12=4302888352 is an unknown value
R13=4302896272 is an unknown value
R14=140492949957440 is an unknown value
R15=265 is an unknown value


Stack: [11a6a1000,11a721000],  sp=11a720dc0,  free space=511k
Native frames: (J=compiled Java code, j=interpreted, Vv=VM code, C=native code)
V  [libjvm.dylib+0x36dee7]  Monitor::ILock(Thread*)+0x23
V  [libjvm.dylib+0x36e03d]  Monitor::lock_without_safepoint_check()+0x27
V  [libjvm.dylib+0x478cc8]  VM_Exit::wait_if_vm_exited()+0x2c
V  [libjvm.dylib+0x27dcb7]  jni_DetachCurrentThread+0x1f
