#
# A fatal error has been detected by the Java Runtime Environment:
#
#  SIGSEGV (0xb) at pc=106af0ee7, pid=3545, tid=4569354240
#
# JRE version: 7.0-b223
# Java VM: OpenJDK 64-Bit Server VM (21.0-b17 mixed mode bsd-amd64 compressed oops)
# Problematic frame:
# V  [libjvm.dylib+0x36dee7]  Monitor::ILock(Thread*)+0x23
#
# Failed to write core dump. Core dumps have been disabled. To enable core dumping, try "ulimit -c unlimited" before starting Java again
#
# If you would like to submit a bug report, please visit:
#   http://bugreport.sun.com/bugreport/crash.jsp
#

---------------  T H R E A D  ---------------

Current thread is native thread

siginfo:si_signo=SIGSEGV: si_errno=0, si_code=1 (SEGV_MAPERR), si_addr=00000150

Registers:
RAX=0, RBX=0, RCX=4410685896, RDX=140448339403265
RSP=4569353664, RBP=4569353696, RSI=0, RDI=140448296347136
R8 =160, R9 =0, R10=140448309479424, R11=4406119576
R12=140448298043296, R13=140448298008032, R14=140448296347136, R15=265
RIP=4407103207, EFLAGS=66118, ERR=4
  TRAPNO=14

Top of Stack: (sp=1105acdc0)
1105acdc0:   0000000000000000 00007fbcaad02600
1105acdd0:   0000000000000000 0000000000000109
1105acde0:   00000001105ace00 0000000106af103d
1105acdf0:   0000000000000005 00000001105ad000
1105ace00:   00000001105ace10 0000000106bfbcc8
1105ace10:   00000001105ace30 0000000106a00cb7
1105ace20:   00000001105ad000 0000000000000005
1105ace30:   00000001105ace60 000000010ff4fe0c
1105ace40:   0000000106587000 0000000000000004
1105ace50:   00000001105ad8a8 00007fff7524a6f8
1105ace60:   00000001105acea0 00007fff8b5ab8cb
1105ace70:   00000001105ad060 0000000000000000
1105ace80:   0000000000000000 00000001105ad000
1105ace90:   00000001105ad000 0000000002000000
1105acea0:   00000001105acf10 00007fff8b566f7c
1105aceb0:   00007fbcaae97de0 000000010ff4fcae
1105acec0:   00000001105acef0 000000010fd0c79a
1105aced0:   000020608b563f80 00007fbcaae97de0
1105acee0:   00007fff8b56459f 000000000601001f
1105acef0:   0000000000009703 00000001105ad000
1105acf00:   00007fbcaae97de0 000000010ff4fcae
1105acf10:   00000001105acf50 00007fff8b5658ca
1105acf20:   0000000000000000 0000000000000000
1105acf30:   0000000000000000 0000000000000000
1105acf40:   0000000000000000 0000000000000000
1105acf50:   00000001105acf78 00007fff8b568b75
1105acf60:   0000000000000000 0000000000000000
1105acf70:   0000000000000000 0000000000000000
1105acf80:   0000000000000000 0000000000000000
1105acf90:   0000000000000000 0000000000000000
1105acfa0:   0000000000000000 0000000000000000
1105acfb0:   0000000000000000 0000000000000000 

Instructions: (pc=106af0ee7)
106af0ec7:   e5 41 57 41 56 53 48 83 ec 08 48 89 f3 49 89 fe
106af0ed7:   4c 89 f7 e8 6f f8 ff ff 85 c0 0f 85 01 01 00 00
106af0ee7:   4c 8b bb 50 01 00 00 4c 89 f7 48 89 de e8 27 fd
106af0ef7:   ff ff 85 c0 0f 85 e7 00 00 00 41 c7 47 20 00 00 

Register to memory mapping:

RAX=0 is an unknown value
RBX=0 is an unknown value
RCX=106e5b9c8: _ZN2os16_processor_countE+0 in /Library/Java/JavaVirtualMachines/JDK 1.7.0 Developer Preview.jdk/Contents/Home/jre/lib/server/libjvm.dylib at 106783000
RDX=140448339403265 is an unknown value
RSP=4569353664 is pointing into the stack for thread: 140448316758016
RBP=4569353696 is pointing into the stack for thread: 140448316758016
RSI=