#
# A fatal error has been detected by the Java Runtime Environment:
#
#  SIGSEGV (0xb) at pc=107ff0ee7, pid=3045, tid=4860690432
#
# JRE version: 7.0-b223
# Java VM: OpenJDK 64-Bit Server VM (21.0-b17 mixed mode bsd-amd64 compressed oops)
# Problematic frame:
# V  [libjvm.dylib+0x36dee7]  Monitor::ILock(Thread*)+0x23
#
# Failed to write core dump. Core dumps have been disabled. To enable core dumping, try "ulimit -c unlimited" before starting Java again
#
# If you would like to submit a bug report, please visit:
#   http://bugreport.sun.com/bugreport/crash.jsp
#

---------------  T H R E A D  ---------------

Current thread is native thread

siginfo:si_signo=SIGSEGV: si_errno=0, si_code=1 (SEGV_MAPERR), si_addr=00000150

Registers:
RAX=0, RBX=0, RCX=4432705992, RDX=140712715464193
RSP=4860689856, RBP=4860689888, RSI=0, RDI=140712713659936
R8 =160, R9 =0, R10=140712719564288, R11=4428139672
R12=140712715040672, R13=140712714437008, R14=140712713659936, R15=265
RIP=4429123303, EFLAGS=66118, ERR=4
  TRAPNO=14

Top of Stack: (sp=121b83dc0)
121b83dc0:   0000000000000000 00007ffa3b502620
121b83dd0:   0000000000000000 0000000000000109
121b83de0:   0000000121b83e00 0000000107ff103d
121b83df0:   0000000000000005 0000000121b84000
121b83e00:   0000000121b83e10 00000001080fbcc8
121b83e10:   0000000121b83e30 0000000107f00cb7
121b83e20:   0000000121b84000 0000000000000005
121b83e30:   0000000121b83e60 000000012196ee0c
121b83e40:   0000000107abf000 0000000000000004
121b83e50:   0000000121b848a8 00007fff7c17f6f8
121b83e60:   0000000121b83ea0 00007fff924e08cb
121b83e70:   0000000121b84060 0000000000000000
121b83e80:   0000000000000000 0000000121b84000
121b83e90:   0000000121b84000 0000000002000000
121b83ea0:   0000000121b83f10 00007fff9249bf7c
121b83eb0:   00007ffa3b5c0190 000000012196ecae
121b83ec0:   0000000121b83ef0 000000012172b79a
121b83ed0:   0000206092498f80 00007ffa3b5c0190
121b83ee0:   00007fff9249959f 000000000601001f
121b83ef0:   000000000000880b 0000000121b84000
121b83f00:   00007ffa3b5c0190 000000012196ecae
121b83f10:   0000000121b83f50 00007fff9249a8ca
121b83f20:   0000000000000000 0000000000000000
121b83f30:   0000000000000000 0000000000000000
121b83f40:   0000000000000000 0000000000000000
121b83f50:   0000000121b83f78 00007fff9249db75
121b83f60:   0000000000000000 0000000000000000
121b83f70:   0000000000000000 0000000000000000
121b83f80:   0000000000000000 0000000000000000
121b83f90:   0000000000000000 0000000000000000
121b83fa0:   0000000000000000 0000000000000000
121b83fb0:   0000000000000000 0000000000000000 

Instructions: (pc=107ff0ee7)
107ff0ec7:   e5 41 57 41 56 53 48 83 ec 08 48 89 f3 49 89 fe
107ff0ed7:   4c 89 f7 e8 6f f8 ff ff 85 c0 0f 85 01 01 00 00
107ff0ee7:   4c 8b bb 50 01 00 00 4c 89 f7 48 89 de e8 27 fd
107ff0ef7:   ff ff 85 c0 0f 85 e7 00 00 00 41 c7 47 20 00 00 

Register to memory mapping:

RAX=0 is an unknown value
RBX=0 is an unknown value
RCX=10835b9c8: _ZN2os16_processor_countE+0 in /Library/Java/JavaVirtualMachines/JDK 1.7.0 Developer Preview.jdk/Contents/Home/jre/lib/server/libjvm.dylib at 107c83000
RDX=140712715464193 is an unknown value
RSP=4860689856 is pointing into the stack for thread: 140712727453696
RBP=4860689888 is pointing into the stack for thread: 140712727453696
RSI=0 is an unknown value
RDI=140712713659936 is an unknown value
R8 =160 is an unknown value
R9 =0 is an unknown value
R10=140712719564288 is an unknown value
R11=107f00c98: jni_DetachCurrentThread+0 in /Library/Java/JavaVirtualMachines/JDK 1.7.0 Developer Preview.jdk/Contents/Home/jre/lib/server/libjvm.dylib at 107c83000
R12=140712715040672 is an unknown value
R13=140712714437008 is an unknown value
R14=140712713659936 is an unknown value
R15=265 is an unknown value


Stack: [121b04000,121b84000],  sp=121b83dc0,  free space=511k
Native frames: (J=compiled Java code, j=interpreted, Vv=VM code, C=native code)
V  [libjvm.dylib+0x36dee7]  Monitor::ILock(Thread*)+0x23
V  [libjvm.dylib+0x36e03d]  Monitor::lock_without_safepoint_check()+0x27
V  [libjvm.dylib+0x478cc8]  VM_Exit::wait_if_vm_exited()+0x2c
V  [libjvm.dylib+0x27dcb7]  jni_DetachCurrentThread+0x1f
