#
# A fatal error has been detected by the Java Runtime Environment:
#
#  SIGSEGV (0xb) at pc=1072f0ee7, pid=3667, tid=4578721792
#
# JRE version: 7.0-b223
# Java VM: OpenJDK 64-Bit Server VM (21.0-b17 mixed mode bsd-amd64 compressed oops)
# Problematic frame:
# V  [libjvm.dylib+0x36dee7]  Monitor::ILock(Thread*)+0x23
#
# Failed to write core dump. Core dumps have been disabled. To enable core dumping, try "ulimit -c unlimited" before starting Java again
#
# If you would like to submit a bug report, please visit:
#   http://bugreport.sun.com/bugreport/crash.jsp
#

---------------  T H R E A D  ---------------

Current thread is native thread

siginfo:si_signo=SIGSEGV: si_errno=0, si_code=1 (SEGV_MAPERR), si_addr=00000150

Registers:
RAX=0, RBX=0, RCX=4419074504, RDX=140298962714625
RSP=4578721216, RBP=4578721248, RSI=0, RDI=4410421472
R8 =160, R9 =0, R10=140298933045760, R11=4414508184
R12=140298962510240, R13=140298962518336, R14=4410421472, R15=265
RIP=4415491815, EFLAGS=66118, ERR=4
  TRAPNO=14

Top of Stack: (sp=110e9bdc0)
110e9bdc0:   0000000000000000 0000000106e1b0e0
110e9bdd0:   0000000000000000 0000000000000109
110e9bde0:   0000000110e9be00 00000001072f103d
110e9bdf0:   0000000000000005 0000000110e9c000
110e9be00:   0000000110e9be10 00000001073fbcc8
110e9be10:   0000000110e9be30 0000000107200cb7
110e9be20:   0000000110e9c000 0000000000000005
110e9be30:   0000000110e9be60 0000000110cc6e0c
110e9be40:   0000000106d73000 0000000000000004
110e9be50:   0000000110e9c8a8 00007fff7c17f6f8
110e9be60:   0000000110e9bea0 00007fff924e08cb
110e9be70:   0000000110e9c060 0000000000000000
110e9be80:   0000000000000000 0000000110e9c000
110e9be90:   0000000110e9c000 0000000002000000
110e9bea0:   0000000110e9bf10 00007fff9249bf7c
110e9beb0:   00007f99e5d2c140 0000000110cc6cae
110e9bec0:   0000000110e9bef0 000000011018179a
110e9bed0:   0000206092498f80 00007f99e5d2c140
110e9bee0:   00007fff9249959f 000000000601001f
110e9bef0:   000000000000880b 0000000110e9c000
110e9bf00:   00007f99e5d2c140 0000000110cc6cae
110e9bf10:   0000000110e9bf50 00007fff9249a8ca
110e9bf20:   0000000000000000 0000000000000000
110e9bf30:   0000000000000000 0000000000000000
110e9bf40:   0000000000000000 0000000000000000
110e9bf50:   0000000110e9bf78 00007fff9249db75
110e9bf60:   0000000000000000 0000000000000000
110e9bf70:   0000000000000000 0000000000000000
110e9bf80:   0000000000000000 0000000000000000
110e9bf90:   0000000000000000 0000000000000000
110e9bfa0:   0000000000000000 0000000000000000
110e9bfb0:   0000000000000000 0000000000000000 

Instructions: (pc=1072f0ee7)
1072f0ec7:   e5 41 57 41 56 53 48 83 ec 08 48 89 f3 49 89 fe
1072f0ed7:   4c 89 f7 e8 6f f8 ff ff 85 c0 0f 85 01 01 00 00
1072f0ee7:   4c 8b bb 50 01 00 00 4c 89 f7 48 89 de e8 27 fd
1072f0ef7:   ff ff 85 c0 0f 85 e7 00 00 00 41 c7 47 20 00 00 

Register to memory mapping:

RAX=0 is an unknown value
RBX=0 is an unknown value
RCX=10765b9c8: _ZN2os16_processor_countE+0 in /Library/Java/JavaVirtualMachines/JDK 1.7.0 Developer Preview.jdk/Contents/Home/jre/lib/server/libjvm.dylib at 106f83000
RDX=140298962714625 is an unknown value
RSP=4578721216 is pointing into the stack for thread: 140298951079936
RBP=4578721248 is pointing into the stack for thread: 140298951079936
RSI=0 is an unknown value
RDI=4410421472 is an unknown value
R8 =160 is an unknown value
R9 =0 is an unknown value
R10=140298933045760 is an unknown value
R11=107200c98: jni_DetachCurrentThread+0 in /Library/Java/JavaVirtualMachines/JDK 1.7.0 Developer Preview.jdk/Contents/Home/jre/lib/server/libjvm.dylib at 106f83000
R12=140298962510240 is an unknown value
R13=140298962518336 is an unknown value
R14=4410421472 is an unknown value
R15=265 is an unknown value


Stack: [110e1c000,110e9c000],  sp=110e9bdc0,  free space=511k
Native frames: (J=compiled Java code, j=interpreted, Vv=VM code, C=native code)
V  [libjvm.dylib+0x36dee7]  Monitor::ILock(Thread*)+0x23
