#
# A fatal error has been detected by the Java Runtime Environment:
#
#  SIGSEGV (0xb) at pc=101af0ee7, pid=25197, tid=4486909952
#
# JRE version: 7.0-b223
# Java VM: OpenJDK 64-Bit Server VM (21.0-b17 mixed mode bsd-amd64 compressed oops)
# Problematic frame:
# V  [libjvm.dylib+0x36dee7]  Monitor::ILock(Thread*)+0x23
#
# Failed to write core dump. Core dumps have been disabled. To enable core dumping, try "ulimit -c unlimited" before starting Java again
#
# If you would like to submit a bug report, please visit:
#   http://bugreport.sun.com/bugreport/crash.jsp
#

---------------  T H R E A D  ---------------

Current thread is native thread

siginfo:si_signo=SIGSEGV: si_errno=0, si_code=1 (SEGV_MAPERR), si_addr=00000150

Registers:
RAX=0, RBX=0, RCX=4326799816, RDX=140473940647681
RSP=4486909376, RBP=4486909408, RSI=0, RDI=140473898378784
R8 =160, R9 =0, R10=140473902702080, R11=4322233496
R12=140473940321696, R13=140473940329968, R14=140473898378784, R15=265
RIP=4323217127, EFLAGS=66118, ERR=4
  TRAPNO=14

Top of Stack: (sp=10b70cdc0)
10b70cdc0:   0000000000000000 00007fc2a0d02620
10b70cdd0:   0000000000000000 0000000000000109
10b70cde0:   000000010b70ce00 0000000101af103d
10b70cdf0:   0000000000000005 000000010b70d000
10b70ce00:   000000010b70ce10 0000000101bfbcc8
10b70ce10:   000000010b70ce30 0000000101a00cb7
10b70ce20:   000000010b70d000 0000000000000005
10b70ce30:   000000010b70ce60 000000010b537e0c
10b70ce40:   00000001015c7000 0000000000000004
10b70ce50:   000000010b70d8a8 00007fff7c17f6f8
10b70ce60:   000000010b70cea0 00007fff924e08cb
10b70ce70:   000000010b70d060 0000000000000000
10b70ce80:   0000000000000000 000000010b70d000
10b70ce90:   000000010b70d000 0000000002000000
10b70cea0:   000000010b70cf10 00007fff9249bf7c
10b70ceb0:   00007fc2a35045f0 000000010b537cae
10b70cec0:   000000010b70cef0 000000010a8d379a
10b70ced0:   0000206092498f80 00007fc2a35045f0
10b70cee0:   00007fff9249959f 000000000601001f
10b70cef0:   0000000000008a0b 000000010b70d000
10b70cf00:   00007fc2a35045f0 000000010b537cae
10b70cf10:   000000010b70cf50 00007fff9249a8ca
10b70cf20:   0000000000000000 0000000000000000
10b70cf30:   0000000000000000 0000000000000000
10b70cf40:   0000000000000000 0000000000000000
10b70cf50:   000000010b70cf78 00007fff9249db75
10b70cf60:   0000000000000000 0000000000000000
10b70cf70:   0000000000000000 0000000000000000
10b70cf80:   0000000000000000 0000000000000000
10b70cf90:   0000000000000000 0000000000000000
10b70cfa0:   0000000000000000 0000000000000000
10b70cfb0:   0000000000000000 0000000000000000 

Instructions: (pc=101af0ee7)
101af0ec7:   e5 41 57 41 56 53 48 83 ec 08 48 89 f3 49 89 fe
101af0ed7:   4c 89 f7 e8 6f f8 ff ff 85 c0 0f 85 01 01 00 00
101af0ee7:   4c 8b bb 50 01 00 00 4c 89 f7 48 89 de e8 27 fd
101af0ef7:   ff ff 85 c0 0f 85 e7 00 00 00 41 c7 47 20 00 00 

Register to memory mapping:

RAX=0 is an unknown value
RBX=0 is an unknown value
RCX=101e5b9c8: _ZN2os16_processor_countE+0 in /Library/Java/JavaVirtualMachines/JDK 1.7.0 Developer Preview.jdk/Contents/Home/jre/lib/server/libjvm.dylib at 101783000
RDX=140473940647681 is an unknown value
RSP=4486909376 is pointing into the stack for thread: 140473903601664
RBP=4486909408 is pointing into the stack for thread: 140473903601664
RSI=0 is an unknown value
RDI=140473898378784 is an unknown value
R8 =160 is an unknown value
R9 =0 is an unknown value
R10=140473902702080 is an unknown value
R11=101a00c98: jni_DetachCurrentThread+0 in /Library/Java/JavaVirtualMachines/JDK 1.7.0 Developer Preview.jdk/Contents/Home/jre/lib/server/libjvm.dylib at 101783000
R12=140473940321696 is an unknown value
R13=140473940329968 is an unknown value
R14=140473898378784 is an unknown value
R15=265 is an unknown value


Stack: [10b68d000,10b70d000],  sp=10b70cdc0,  free space=511k
Native frames: (J=compiled Java code, j=interpreted, Vv=VM code, C=native code)
V  [libjvm.dylib+0x36dee7]  Monitor::ILock(Thread*)+0x23
V  [libjvm.dylib+0x36e03d]  Monitor::lock_without_safepoint_check()+0x27
V  [libjvm.dylib+0x478cc8]  VM_Exit::wait_if_vm_exited()+0x2c
V  [libjvm.dylib+0x27dcb7]  jni_DetachCurrentThread+0x1f
