#
# A fatal error has been detected by the Java Runtime Environment:
#
#  SIGSEGV (0xb) at pc=108a6dee7, pid=20217, tid=6324944896
#
# JRE version: 7.0-b223
# Java VM: OpenJDK 64-Bit Server VM (21.0-b17 mixed mode bsd-amd64 compressed oops)
# Problematic frame:
# V  [libjvm.dylib+0x36dee7]  Monitor::ILock(Thread*)+0x23
#
# Failed to write core dump. Core dumps have been disabled. To enable core dumping, try "ulimit -c unlimited" before starting Java again
#
# If you would like to submit a bug report, please visit:
#   http://bugreport.sun.com/bugreport/crash.jsp
#

---------------  T H R E A D  ---------------

Current thread is native thread

siginfo:si_signo=SIGSEGV: si_errno=0, si_code=1 (SEGV_MAPERR), si_addr=00000150

Registers:
RAX=0, RBX=0, RCX=4443703752, RDX=140583713324033
RSP=6324944320, RBP=6324944352, RSI=0, RDI=140583712598608
R8 =160, R9 =0, R10=140583726461440, R11=4439137432
R12=4436313504, R13=4436321488, R14=140583712598608, R15=265
RIP=4440121063, EFLAGS=66118, ERR=4
  TRAPNO=14

Top of Stack: (sp=178fefdc0)
178fefdc0:   0000000000000000 00007fdc32402a50
178fefdd0:   0000000000000000 0000000000000109
178fefde0:   0000000178fefe00 0000000108a6e03d
178fefdf0:   0000000000000005 0000000178ff0000
178fefe00:   0000000178fefe10 0000000108b78cc8
178fefe10:   0000000178fefe30 000000010897dcb7
178fefe20:   0000000178ff0000 0000000000000005
178fefe30:   0000000178fefe60 0000000178e1ae0c
178fefe40:   00000001084fe000 0000000000000004
178fefe50:   0000000178ff08a8 00007fff7c17f6f8
178fefe60:   0000000178fefea0 00007fff924e08cb
178fefe70:   0000000178ff0060 0000000000000000
178fefe80:   0000000000000000 0000000178ff0000
178fefe90:   0000000178ff0000 0000000002000000
178fefea0:   0000000178feff10 00007fff9249bf7c
178fefeb0:   00000001086ce4d0 0000000178e1acae
178fefec0:   0000000178fefef0 000000017828579a
178fefed0:   0000206092498f80 00000001086ce4d0
178fefee0:   00007fff9249959f 000000000601001f
178fefef0:   0000000000008a0b 0000000178ff0000
178feff00:   00000001086ce4d0 0000000178e1acae
178feff10:   0000000178feff50 00007fff9249a8ca
178feff20:   0000000000000000 0000000000000000
178feff30:   0000000000000000 0000000000000000
178feff40:   0000000000000000 0000000000000000
178feff50:   0000000178feff78 00007fff9249db75
178feff60:   0000000000000000 0000000000000000
178feff70:   0000000000000000 0000000000000000
178feff80:   0000000000000000 0000000000000000
178feff90:   0000000000000000 0000000000000000
178feffa0:   0000000000000000 0000000000000000
178feffb0:   0000000000000000 0000000000000000 

Instructions: (pc=108a6dee7)
108a6dec7:   e5 41 57 41 56 53 48 83 ec 08 48 89 f3 49 89 fe
108a6ded7:   4c 89 f7 e8 6f f8 ff ff 85 c0 0f 85 01 01 00 00
108a6dee7:   4c 8b bb 50 01 00 00 4c 89 f7 48 89 de e8 27 fd
108a6def7:   ff ff 85 c0 0f 85 e7 00 00 00 41 c7 47 20 00 00 

Register to memory mapping:

RAX=0 is an unknown value
RBX=0 is an unknown value
RCX=108dd89c8: _ZN2os16_processor_countE+0 in /Library/Java/JavaVirtualMachines/JDK 1.7.0 Developer Preview.jdk/Contents/Home/jre/lib/server/libjvm.dylib at 108700000
RDX=140583713324033 is an unknown value
RSP=6324944320 is pointing into the stack for thread: 140583744163840
RBP=6324944352 is pointing into the stack for thread: 140583744163840
RSI=0 is an unknown value
RDI=140583712598608 is an unknown value
R8 =160 is an unknown value
R9 =0 is an unknown value
R10=140583726461440 is an unknown value
R11=10897dc98: jni_DetachCurrentThread+0 in /Library/Java/JavaVirtualMachines/JDK 1.7.0 Developer Preview.jdk/Contents/Home/jre/lib/server/libjvm.dylib at 108700000
R12=4436313504 is an unknown value
R13=4436321488 is an unknown value
R14=140583712598608 is an unknown value
R15=265 is an unknown value


Stack: [178f70000,178ff0000],  sp=178fefdc0,  free space=511k
Native frames: (J=compiled Java code, j=interpreted, Vv=VM code, C=native code)
V  [libjvm.dylib+0x36dee7]